<?xml version="1.0" encoding="UTF-8"?>
<testsuite xmlns:xsi="http://www.w3.org/2001/XMLSchema-instance" xsi:noNamespaceSchemaLocation="https://maven.apache.org/surefire/maven-surefire-plugin/xsd/surefire-test-report-3.0.xsd" version="3.0" name="fca.suayed.GreetingResourceTest" time="9.63" tests="1" errors="0" skipped="0" failures="1">
  <properties>
    <property name="java.specification.version" value="21"/>
    <property name="sun.cpu.isalist" value="amd64"/>
    <property name="test.url" value="http://localhost:8081"/>
    <property name="sun.jnu.encoding" value="Cp1252"/>
    <property name="java.class.path" value="D:\Chrome_Descargas\proyecto-api-main\target\test-classes;D:\Chrome_Descargas\proyecto-api-main\target\classes;C:\Users\rulod\.m2\repository\io\quarkus\quarkus-arc\3.6.1\quarkus-arc-3.6.1.jar;C:\Users\rulod\.m2\repository\io\quarkus\arc\arc\3.6.1\arc-3.6.1.jar;C:\Users\rulod\.m2\repository\jakarta\enterprise\jakarta.enterprise.cdi-api\4.0.1\jakarta.enterprise.cdi-api-4.0.1.jar;C:\Users\rulod\.m2\repository\jakarta\enterprise\jakarta.enterprise.lang-model\4.0.1\jakarta.enterprise.lang-model-4.0.1.jar;C:\Users\rulod\.m2\repository\jakarta\el\jakarta.el-api\5.0.1\jakarta.el-api-5.0.1.jar;C:\Users\rulod\.m2\repository\jakarta\interceptor\jakarta.interceptor-api\2.1.0\jakarta.interceptor-api-2.1.0.jar;C:\Users\rulod\.m2\repository\jakarta\annotation\jakarta.annotation-api\2.1.1\jakarta.annotation-api-2.1.1.jar;C:\Users\rulod\.m2\repository\jakarta\transaction\jakarta.transaction-api\2.0.1\jakarta.transaction-api-2.0.1.jar;C:\Users\rulod\.m2\repository\io\smallrye\reactive\mutiny\2.5.1\mutiny-2.5.1.jar;C:\Users\rulod\.m2\repository\io\smallrye\common\smallrye-common-annotation\2.1.2\smallrye-common-annotation-2.1.2.jar;C:\Users\rulod\.m2\repository\org\jboss\logging\jboss-logging\3.5.3.Final\jboss-logging-3.5.3.Final.jar;C:\Users\rulod\.m2\repository\io\quarkus\quarkus-core\3.6.1\quarkus-core-3.6.1.jar;C:\Users\rulod\.m2\repository\jakarta\inject\jakarta.inject-api\2.0.1\jakarta.inject-api-2.0.1.jar;C:\Users\rulod\.m2\repository\io\smallrye\common\smallrye-common-os\2.1.2\smallrye-common-os-2.1.2.jar;C:\Users\rulod\.m2\repository\io\quarkus\quarkus-ide-launcher\3.6.1\quarkus-ide-launcher-3.6.1.jar;C:\Users\rulod\.m2\repository\io\quarkus\quarkus-development-mode-spi\3.6.1\quarkus-development-mode-spi-3.6.1.jar;C:\Users\rulod\.m2\repository\io\smallrye\config\smallrye-config\3.4.4\smallrye-config-3.4.4.jar;C:\Users\rulod\.m2\repository\io\smallrye\config\smallrye-config-core\3.4.4\smallrye-config-core-3.4.4.jar;C:\Users\rulod\.m2\repository\io\smallrye\common\smallrye-common-classloader\2.1.2\smallrye-common-classloader-2.1.2.jar;C:\Users\rulod\.m2\repository\io\smallrye\config\smallrye-config-common\3.4.4\smallrye-config-common-3.4.4.jar;C:\Users\rulod\.m2\repository\org\jboss\logmanager\jboss-logmanager\3.0.2.Final\jboss-logmanager-3.0.2.Final.jar;C:\Users\rulod\.m2\repository\io\smallrye\common\smallrye-common-constraint\2.1.2\smallrye-common-constraint-2.1.2.jar;C:\Users\rulod\.m2\repository\io\smallrye\common\smallrye-common-cpu\2.1.2\smallrye-common-cpu-2.1.2.jar;C:\Users\rulod\.m2\repository\io\smallrye\common\smallrye-common-expression\2.1.2\smallrye-common-expression-2.1.2.jar;C:\Users\rulod\.m2\repository\io\smallrye\common\smallrye-common-function\2.1.2\smallrye-common-function-2.1.2.jar;C:\Users\rulod\.m2\repository\io\smallrye\common\smallrye-common-net\2.1.2\smallrye-common-net-2.1.2.jar;C:\Users\rulod\.m2\repository\io\smallrye\common\smallrye-common-ref\2.1.2\smallrye-common-ref-2.1.2.jar;C:\Users\rulod\.m2\repository\jakarta\json\jakarta.json-api\2.1.3\jakarta.json-api-2.1.3.jar;C:\Users\rulod\.m2\repository\org\jboss\logging\jboss-logging-annotations\2.2.1.Final\jboss-logging-annotations-2.2.1.Final.jar;C:\Users\rulod\.m2\repository\org\jboss\threads\jboss-threads\3.5.1.Final\jboss-threads-3.5.1.Final.jar;C:\Users\rulod\.m2\repository\org\jboss\slf4j\slf4j-jboss-logmanager\2.0.0.Final\slf4j-jboss-logmanager-2.0.0.Final.jar;C:\Users\rulod\.m2\repository\org\wildfly\common\wildfly-common\1.7.0.Final\wildfly-common-1.7.0.Final.jar;C:\Users\rulod\.m2\repository\io\quarkus\quarkus-bootstrap-runner\3.6.1\quarkus-bootstrap-runner-3.6.1.jar;C:\Users\rulod\.m2\repository\io\quarkus\quarkus-fs-util\0.0.9\quarkus-fs-util-0.0.9.jar;C:\Users\rulod\.m2\repository\org\eclipse\microprofile\context-propagation\microprofile-context-propagation-api\1.3\microprofile-context-propagation-api-1.3.jar;C:\Users\rulod\.m2\repository\io\quarkus\quarkus-resteasy-reactive\3.6.1\quarkus-resteasy-reactive-3.6.1.jar;C:\Users\rulod\.m2\repository\io\quarkus\quarkus-resteasy-reactive-common\3.6.1\quarkus-resteasy-reactive-common-3.6.1.jar;C:\Users\rulod\.m2\repository\io\quarkus\resteasy\reactive\resteasy-reactive-common\3.6.1\resteasy-reactive-common-3.6.1.jar;C:\Users\rulod\.m2\repository\io\quarkus\resteasy\reactive\resteasy-reactive-common-types\3.6.1\resteasy-reactive-common-types-3.6.1.jar;C:\Users\rulod\.m2\repository\org\reactivestreams\reactive-streams\1.0.4\reactive-streams-1.0.4.jar;C:\Users\rulod\.m2\repository\io\quarkus\quarkus-mutiny\3.6.1\quarkus-mutiny-3.6.1.jar;C:\Users\rulod\.m2\repository\io\quarkus\quarkus-smallrye-context-propagation\3.6.1\quarkus-smallrye-context-propagation-3.6.1.jar;C:\Users\rulod\.m2\repository\io\smallrye\smallrye-context-propagation\2.1.0\smallrye-context-propagation-2.1.0.jar;C:\Users\rulod\.m2\repository\io\smallrye\smallrye-context-propagation-api\2.1.0\smallrye-context-propagation-api-2.1.0.jar;C:\Users\rulod\.m2\repository\io\smallrye\smallrye-context-propagation-storage\2.1.0\smallrye-context-propagation-storage-2.1.0.jar;C:\Users\rulod\.m2\repository\io\smallrye\reactive\mutiny-smallrye-context-propagation\2.5.1\mutiny-smallrye-context-propagation-2.5.1.jar;C:\Users\rulod\.m2\repository\io\quarkus\quarkus-vertx\3.6.1\quarkus-vertx-3.6.1.jar;C:\Users\rulod\.m2\repository\io\quarkus\quarkus-netty\3.6.1\quarkus-netty-3.6.1.jar;C:\Users\rulod\.m2\repository\io\netty\netty-codec\4.1.100.Final\netty-codec-4.1.100.Final.jar;C:\Users\rulod\.m2\repository\com\aayushatharva\brotli4j\brotli4j\1.12.0\brotli4j-1.12.0.jar;C:\Users\rulod\.m2\repository\com\aayushatharva\brotli4j\service\1.12.0\service-1.12.0.jar;C:\Users\rulod\.m2\repository\com\aayushatharva\brotli4j\native-windows-x86_64\1.12.0\native-windows-x86_64-1.12.0.jar;C:\Users\rulod\.m2\repository\io\netty\netty-codec-haproxy\4.1.100.Final\netty-codec-haproxy-4.1.100.Final.jar;C:\Users\rulod\.m2\repository\io\quarkus\quarkus-vertx-latebound-mdc-provider\3.6.1\quarkus-vertx-latebound-mdc-provider-3.6.1.jar;C:\Users\rulod\.m2\repository\io\smallrye\smallrye-fault-tolerance-vertx\6.2.6\smallrye-fault-tolerance-vertx-6.2.6.jar;C:\Users\rulod\.m2\repository\io\quarkus\resteasy\reactive\resteasy-reactive-vertx\3.6.1\resteasy-reactive-vertx-3.6.1.jar;C:\Users\rulod\.m2\repository\io\vertx\vertx-web\4.4.6\vertx-web-4.4.6.jar;C:\Users\rulod\.m2\repository\io\vertx\vertx-web-common\4.4.6\vertx-web-common-4.4.6.jar;C:\Users\rulod\.m2\repository\io\vertx\vertx-auth-common\4.4.6\vertx-auth-common-4.4.6.jar;C:\Users\rulod\.m2\repository\io\vertx\vertx-bridge-common\4.4.6\vertx-bridge-common-4.4.6.jar;C:\Users\rulod\.m2\repository\io\smallrye\reactive\smallrye-mutiny-vertx-core\3.7.2\smallrye-mutiny-vertx-core-3.7.2.jar;C:\Users\rulod\.m2\repository\io\smallrye\reactive\smallrye-mutiny-vertx-runtime\3.7.2\smallrye-mutiny-vertx-runtime-3.7.2.jar;C:\Users\rulod\.m2\repository\io\smallrye\reactive\vertx-mutiny-generator\3.7.2\vertx-mutiny-generator-3.7.2.jar;C:\Users\rulod\.m2\repository\io\vertx\vertx-codegen\4.4.6\vertx-codegen-4.4.6.jar;C:\Users\rulod\.m2\repository\io\quarkus\resteasy\reactive\resteasy-reactive\3.6.1\resteasy-reactive-3.6.1.jar;C:\Users\rulod\.m2\repository\jakarta\ws\rs\jakarta.ws.rs-api\3.1.0\jakarta.ws.rs-api-3.1.0.jar;C:\Users\rulod\.m2\repository\org\jboss\logging\commons-logging-jboss-logging\1.0.0.Final\commons-logging-jboss-logging-1.0.0.Final.jar;C:\Users\rulod\.m2\repository\jakarta\xml\bind\jakarta.xml.bind-api\4.0.1\jakarta.xml.bind-api-4.0.1.jar;C:\Users\rulod\.m2\repository\jakarta\activation\jakarta.activation-api\2.1.2\jakarta.activation-api-2.1.2.jar;C:\Users\rulod\.m2\repository\io\quarkus\quarkus-vertx-http\3.6.1\quarkus-vertx-http-3.6.1.jar;C:\Users\rulod\.m2\repository\io\quarkus\quarkus-security-runtime-spi\3.6.1\quarkus-security-runtime-spi-3.6.1.jar;C:\Users\rulod\.m2\repository\io\smallrye\common\smallrye-common-vertx-context\2.1.2\smallrye-common-vertx-context-2.1.2.jar;C:\Users\rulod\.m2\repository\io\quarkus\security\quarkus-security\2.0.2.Final\quarkus-security-2.0.2.Final.jar;C:\Users\rulod\.m2\repository\io\smallrye\reactive\smallrye-mutiny-vertx-web\3.7.2\smallrye-mutiny-vertx-web-3.7.2.jar;C:\Users\rulod\.m2\repository\io\smallrye\reactive\smallrye-mutiny-vertx-web-common\3.7.2\smallrye-mutiny-vertx-web-common-3.7.2.jar;C:\Users\rulod\.m2\repository\io\smallrye\reactive\smallrye-mutiny-vertx-auth-common\3.7.2\smallrye-mutiny-vertx-auth-common-3.7.2.jar;C:\Users\rulod\.m2\repository\io\smallrye\reactive\smallrye-mutiny-vertx-bridge-common\3.7.2\smallrye-mutiny-vertx-bridge-common-3.7.2.jar;C:\Users\rulod\.m2\repository\io\smallrye\reactive\smallrye-mutiny-vertx-uri-template\3.7.2\smallrye-mutiny-vertx-uri-template-3.7.2.jar;C:\Users\rulod\.m2\repository\io\vertx\vertx-uri-template\4.4.6\vertx-uri-template-4.4.6.jar;C:\Users\rulod\.m2\repository\io\github\crac\org-crac\0.1.3\org-crac-0.1.3.jar;C:\Users\rulod\.m2\repository\io\quarkus\quarkus-jsonp\3.6.1\quarkus-jsonp-3.6.1.jar;C:\Users\rulod\.m2\repository\org\eclipse\parsson\parsson\1.1.5\parsson-1.1.5.jar;C:\Users\rulod\.m2\repository\io\quarkus\quarkus-virtual-threads\3.6.1\quarkus-virtual-threads-3.6.1.jar;C:\Users\rulod\.m2\repository\io\vertx\vertx-core\4.4.6\vertx-core-4.4.6.jar;C:\Users\rulod\.m2\repository\io\netty\netty-common\4.1.100.Final\netty-common-4.1.100.Final.jar;C:\Users\rulod\.m2\repository\io\netty\netty-buffer\4.1.100.Final\netty-buffer-4.1.100.Final.jar;C:\Users\rulod\.m2\repository\io\netty\netty-transport\4.1.100.Final\netty-transport-4.1.100.Final.jar;C:\Users\rulod\.m2\repository\io\netty\netty-handler\4.1.100.Final\netty-handler-4.1.100.Final.jar;C:\Users\rulod\.m2\repository\io\netty\netty-transport-native-unix-common\4.1.100.Final\netty-transport-native-unix-common-4.1.100.Final.jar;C:\Users\rulod\.m2\repository\io\netty\netty-handler-proxy\4.1.100.Final\netty-handler-proxy-4.1.100.Final.jar;C:\Users\rulod\.m2\repository\io\netty\netty-codec-socks\4.1.100.Final\netty-codec-socks-4.1.100.Final.jar;C:\Users\rulod\.m2\repository\io\netty\netty-codec-http\4.1.100.Final\netty-codec-http-4.1.100.Final.jar;C:\Users\rulod\.m2\repository\io\netty\netty-codec-http2\4.1.100.Final\netty-codec-http2-4.1.100.Final.jar;C:\Users\rulod\.m2\repository\io\netty\netty-resolver\4.1.100.Final\netty-resolver-4.1.100.Final.jar;C:\Users\rulod\.m2\repository\io\netty\netty-resolver-dns\4.1.100.Final\netty-resolver-dns-4.1.100.Final.jar;C:\Users\rulod\.m2\repository\io\netty\netty-codec-dns\4.1.100.Final\netty-codec-dns-4.1.100.Final.jar;C:\Users\rulod\.m2\repository\io\quarkus\quarkus-junit5\3.6.1\quarkus-junit5-3.6.1.jar;C:\Users\rulod\.m2\repository\io\quarkus\quarkus-bootstrap-core\3.6.1\quarkus-bootstrap-core-3.6.1.jar;C:\Users\rulod\.m2\repository\io\quarkus\quarkus-bootstrap-app-model\3.6.1\quarkus-bootstrap-app-model-3.6.1.jar;C:\Users\rulod\.m2\repository\io\smallrye\common\smallrye-common-io\2.1.2\smallrye-common-io-2.1.2.jar;C:\Users\rulod\.m2\repository\org\eclipse\sisu\org.eclipse.sisu.inject\0.9.0.M2\org.eclipse.sisu.inject-0.9.0.M2.jar;C:\Users\rulod\.m2\repository\io\quarkus\quarkus-test-common\3.6.1\quarkus-test-common-3.6.1.jar;C:\Users\rulod\.m2\repository\io\quarkus\quarkus-core-deployment\3.6.1\quarkus-core-deployment-3.6.1.jar;C:\Users\rulod\.m2\repository\org\aesh\readline\2.4\readline-2.4.jar;C:\Users\rulod\.m2\repository\org\fusesource\jansi\jansi\2.4.0\jansi-2.4.0.jar;C:\Users\rulod\.m2\repository\org\aesh\aesh\2.7\aesh-2.7.jar;C:\Users\rulod\.m2\repository\io\quarkus\gizmo\gizmo\1.7.0\gizmo-1.7.0.jar;C:\Users\rulod\.m2\repository\org\ow2\asm\asm-util\9.6\asm-util-9.6.jar;C:\Users\rulod\.m2\repository\org\ow2\asm\asm-analysis\9.6\asm-analysis-9.6.jar;C:\Users\rulod\.m2\repository\org\ow2\asm\asm\9.6\asm-9.6.jar;C:\Users\rulod\.m2\repository\org\ow2\asm\asm-commons\9.6\asm-commons-9.6.jar;C:\Users\rulod\.m2\repository\org\ow2\asm\asm-tree\9.6\asm-tree-9.6.jar;C:\Users\rulod\.m2\repository\io\quarkus\quarkus-class-change-agent\3.6.1\quarkus-class-change-agent-3.6.1.jar;C:\Users\rulod\.m2\repository\io\quarkus\quarkus-devtools-utilities\3.6.1\quarkus-devtools-utilities-3.6.1.jar;C:\Users\rulod\.m2\repository\io\quarkus\quarkus-builder\3.6.1\quarkus-builder-3.6.1.jar;C:\Users\rulod\.m2\repository\org\graalvm\sdk\graal-sdk\23.0.1\graal-sdk-23.0.1.jar;C:\Users\rulod\.m2\repository\org\junit\platform\junit-platform-launcher\1.10.0\junit-platform-launcher-1.10.0.jar;C:\Users\rulod\.m2\repository\io\quarkus\quarkus-bootstrap-maven-resolver\3.6.1\quarkus-bootstrap-maven-resolver-3.6.1.jar;C:\Users\rulod\.m2\repository\io\smallrye\beanbag\smallrye-beanbag-maven\1.3.2\smallrye-beanbag-maven-1.3.2.jar;C:\Users\rulod\.m2\repository\io\smallrye\beanbag\smallrye-beanbag-sisu\1.3.2\smallrye-beanbag-sisu-1.3.2.jar;C:\Users\rulod\.m2\repository\io\smallrye\beanbag\smallrye-beanbag\1.3.2\smallrye-beanbag-1.3.2.jar;C:\Users\rulod\.m2\repository\javax\inject\javax.inject\1\javax.inject-1.jar;C:\Users\rulod\.m2\repository\org\apache\maven\maven-artifact\3.9.6\maven-artifact-3.9.6.jar;C:\Users\rulod\.m2\repository\org\apache\maven\maven-builder-support\3.9.6\maven-builder-support-3.9.6.jar;C:\Users\rulod\.m2\repository\org\apache\maven\maven-model\3.9.6\maven-model-3.9.6.jar;C:\Users\rulod\.m2\repository\org\apache\maven\maven-model-builder\3.9.6\maven-model-builder-3.9.6.jar;C:\Users\rulod\.m2\repository\org\apache\maven\maven-repository-metadata\3.9.6\maven-repository-metadata-3.9.6.jar;C:\Users\rulod\.m2\repository\org\apache\maven\maven-settings\3.9.6\maven-settings-3.9.6.jar;C:\Users\rulod\.m2\repository\org\apache\maven\resolver\maven-resolver-api\1.9.18\maven-resolver-api-1.9.18.jar;C:\Users\rulod\.m2\repository\org\apache\maven\resolver\maven-resolver-impl\1.9.18\maven-resolver-impl-1.9.18.jar;C:\Users\rulod\.m2\repository\org\apache\maven\resolver\maven-resolver-named-locks\1.9.18\maven-resolver-named-locks-1.9.18.jar;C:\Users\rulod\.m2\repository\org\apache\maven\resolver\maven-resolver-spi\1.9.18\maven-resolver-spi-1.9.18.jar;C:\Users\rulod\.m2\repository\org\apache\maven\resolver\maven-resolver-util\1.9.18\maven-resolver-util-1.9.18.jar;C:\Users\rulod\.m2\repository\org\apache\maven\resolver\maven-resolver-transport-http\1.9.10\maven-resolver-transport-http-1.9.10.jar;C:\Users\rulod\.m2\repository\org\apache\maven\wagon\wagon-provider-api\3.5.3\wagon-provider-api-3.5.3.jar;C:\Users\rulod\.m2\repository\org\apache\maven\wagon\wagon-http-shared\3.5.3\wagon-http-shared-3.5.3.jar;C:\Users\rulod\.m2\repository\org\codehaus\plexus\plexus-interpolation\1.26\plexus-interpolation-1.26.jar;C:\Users\rulod\.m2\repository\org\codehaus\plexus\plexus-utils\3.5.1\plexus-utils-3.5.1.jar;C:\Users\rulod\.m2\repository\org\codehaus\plexus\plexus-xml\4.0.0\plexus-xml-4.0.0.jar;C:\Users\rulod\.m2\repository\org\apache\maven\maven-xml-impl\4.0.0-alpha-5\maven-xml-impl-4.0.0-alpha-5.jar;C:\Users\rulod\.m2\repository\org\apache\maven\maven-api-xml\4.0.0-alpha-5\maven-api-xml-4.0.0-alpha-5.jar;C:\Users\rulod\.m2\repository\org\apache\maven\maven-api-meta\4.0.0-alpha-5\maven-api-meta-4.0.0-alpha-5.jar;C:\Users\rulod\.m2\repository\org\codehaus\plexus\plexus-cipher\2.0\plexus-cipher-2.0.jar;C:\Users\rulod\.m2\repository\org\codehaus\plexus\plexus-sec-dispatcher\2.0\plexus-sec-dispatcher-2.0.jar;C:\Users\rulod\.m2\repository\org\apache\maven\maven-embedder\3.9.6\maven-embedder-3.9.6.jar;C:\Users\rulod\.m2\repository\org\apache\maven\maven-core\3.9.6\maven-core-3.9.6.jar;C:\Users\rulod\.m2\repository\org\codehaus\plexus\plexus-component-annotations\2.1.0\plexus-component-annotations-2.1.0.jar;C:\Users\rulod\.m2\repository\org\apache\maven\maven-plugin-api\3.9.6\maven-plugin-api-3.9.6.jar;C:\Users\rulod\.m2\repository\org\apache\maven\shared\maven-shared-utils\3.3.4\maven-shared-utils-3.3.4.jar;C:\Users\rulod\.m2\repository\com\google\inject\guice\5.1.0\guice-5.1.0.jar;C:\Users\rulod\.m2\repository\aopalliance\aopalliance\1.0\aopalliance-1.0.jar;C:\Users\rulod\.m2\repository\com\google\guava\guava\32.1.3-jre\guava-32.1.3-jre.jar;C:\Users\rulod\.m2\repository\com\google\guava\failureaccess\1.0.1\failureaccess-1.0.1.jar;C:\Users\rulod\.m2\repository\javax\annotation\javax.annotation-api\1.3.2\javax.annotation-api-1.3.2.jar;C:\Users\rulod\.m2\repository\org\codehaus\plexus\plexus-classworlds\2.6.0\plexus-classworlds-2.6.0.jar;C:\Users\rulod\.m2\repository\commons-cli\commons-cli\1.5.0\commons-cli-1.5.0.jar;C:\Users\rulod\.m2\repository\org\eclipse\sisu\org.eclipse.sisu.plexus\0.9.0.M2\org.eclipse.sisu.plexus-0.9.0.M2.jar;C:\Users\rulod\.m2\repository\org\apache\maven\maven-settings-builder\3.9.6\maven-settings-builder-3.9.6.jar;C:\Users\rulod\.m2\repository\org\apache\maven\maven-resolver-provider\3.9.6\maven-resolver-provider-3.9.6.jar;C:\Users\rulod\.m2\repository\org\apache\maven\resolver\maven-resolver-connector-basic\1.9.18\maven-resolver-connector-basic-1.9.18.jar;C:\Users\rulod\.m2\repository\org\apache\maven\resolver\maven-resolver-transport-wagon\1.9.18\maven-resolver-transport-wagon-1.9.18.jar;C:\Users\rulod\.m2\repository\org\apache\maven\wagon\wagon-http\3.5.3\wagon-http-3.5.3.jar;C:\Users\rulod\.m2\repository\org\apache\maven\wagon\wagon-file\3.5.3\wagon-file-3.5.3.jar;C:\Users\rulod\.m2\repository\io\quarkus\quarkus-bootstrap-gradle-resolver\3.6.1\quarkus-bootstrap-gradle-resolver-3.6.1.jar;C:\Users\rulod\.m2\repository\io\smallrye\jandex\3.1.6\jandex-3.1.6.jar;C:\Users\rulod\.m2\repository\commons-io\commons-io\2.15.0\commons-io-2.15.0.jar;C:\Users\rulod\.m2\repository\io\quarkus\quarkus-junit5-properties\3.6.1\quarkus-junit5-properties-3.6.1.jar;C:\Users\rulod\.m2\repository\org\junit\jupiter\junit-jupiter\5.10.0\junit-jupiter-5.10.0.jar;C:\Users\rulod\.m2\repository\org\junit\jupiter\junit-jupiter-api\5.10.0\junit-jupiter-api-5.10.0.jar;C:\Users\rulod\.m2\repository\org\opentest4j\opentest4j\1.3.0\opentest4j-1.3.0.jar;C:\Users\rulod\.m2\repository\org\junit\platform\junit-platform-commons\1.10.0\junit-platform-commons-1.10.0.jar;C:\Users\rulod\.m2\repository\org\apiguardian\apiguardian-api\1.1.2\apiguardian-api-1.1.2.jar;C:\Users\rulod\.m2\repository\org\junit\jupiter\junit-jupiter-params\5.10.0\junit-jupiter-params-5.10.0.jar;C:\Users\rulod\.m2\repository\org\junit\jupiter\junit-jupiter-engine\5.10.0\junit-jupiter-engine-5.10.0.jar;C:\Users\rulod\.m2\repository\org\junit\platform\junit-platform-engine\1.10.0\junit-platform-engine-1.10.0.jar;C:\Users\rulod\.m2\repository\com\thoughtworks\xstream\xstream\1.4.20\xstream-1.4.20.jar;C:\Users\rulod\.m2\repository\io\github\x-stream\mxparser\1.2.2\mxparser-1.2.2.jar;C:\Users\rulod\.m2\repository\xmlpull\xmlpull\1.1.3.1\xmlpull-1.1.3.1.jar;C:\Users\rulod\.m2\repository\org\jdbi\jdbi3-core\3.39.1\jdbi3-core-3.39.1.jar;C:\Users\rulod\.m2\repository\org\slf4j\slf4j-api\2.0.6\slf4j-api-2.0.6.jar;C:\Users\rulod\.m2\repository\io\leangen\geantyref\geantyref\1.3.14\geantyref-1.3.14.jar;C:\Users\rulod\.m2\repository\org\jdbi\jdbi3-sqlobject\3.39.1\jdbi3-sqlobject-3.39.1.jar;C:\Users\rulod\.m2\repository\org\jdbi\jdbi3-postgres\3.39.1\jdbi3-postgres-3.39.1.jar;C:\Users\rulod\.m2\repository\io\quarkus\quarkus-agroal\3.6.1\quarkus-agroal-3.6.1.jar;C:\Users\rulod\.m2\repository\io\quarkus\quarkus-datasource\3.6.1\quarkus-datasource-3.6.1.jar;C:\Users\rulod\.m2\repository\io\quarkus\quarkus-datasource-common\3.6.1\quarkus-datasource-common-3.6.1.jar;C:\Users\rulod\.m2\repository\io\quarkus\quarkus-narayana-jta\3.6.1\quarkus-narayana-jta-3.6.1.jar;C:\Users\rulod\.m2\repository\io\quarkus\quarkus-transaction-annotations\3.6.1\quarkus-transaction-annotations-3.6.1.jar;C:\Users\rulod\.m2\repository\io\smallrye\smallrye-context-propagation-jta\2.1.0\smallrye-context-propagation-jta-2.1.0.jar;C:\Users\rulod\.m2\repository\io\smallrye\reactive\smallrye-reactive-converter-api\3.0.1\smallrye-reactive-converter-api-3.0.1.jar;C:\Users\rulod\.m2\repository\io\smallrye\reactive\smallrye-reactive-converter-mutiny\3.0.1\smallrye-reactive-converter-mutiny-3.0.1.jar;C:\Users\rulod\.m2\repository\io\smallrye\reactive\mutiny-zero-flow-adapters\1.0.0\mutiny-zero-flow-adapters-1.0.0.jar;C:\Users\rulod\.m2\repository\org\jboss\narayana\jta\narayana-jta\7.0.0.Final\narayana-jta-7.0.0.Final.jar;C:\Users\rulod\.m2\repository\jakarta\resource\jakarta.resource-api\2.1.0\jakarta.resource-api-2.1.0.jar;C:\Users\rulod\.m2\repository\org\jboss\invocation\jboss-invocation\2.0.0.Final\jboss-invocation-2.0.0.Final.jar;C:\Users\rulod\.m2\repository\org\eclipse\microprofile\reactive-streams-operators\microprofile-reactive-streams-operators-api\3.0\microprofile-reactive-streams-operators-api-3.0.jar;C:\Users\rulod\.m2\repository\org\jboss\narayana\jts\narayana-jts-integration\7.0.0.Final\narayana-jts-integration-7.0.0.Final.jar;C:\Users\rulod\.m2\repository\io\agroal\agroal-api\2.1\agroal-api-2.1.jar;C:\Users\rulod\.m2\repository\io\agroal\agroal-narayana\2.1\agroal-narayana-2.1.jar;C:\Users\rulod\.m2\repository\org\jboss\jboss-transaction-spi\8.0.0.Final\jboss-transaction-spi-8.0.0.Final.jar;C:\Users\rulod\.m2\repository\io\agroal\agroal-pool\2.1\agroal-pool-2.1.jar;C:\Users\rulod\.m2\repository\io\quarkus\quarkus-credentials\3.6.1\quarkus-credentials-3.6.1.jar;C:\Users\rulod\.m2\repository\io\quarkus\quarkus-resteasy-reactive-jackson\3.6.1\quarkus-resteasy-reactive-jackson-3.6.1.jar;C:\Users\rulod\.m2\repository\io\quarkus\quarkus-resteasy-reactive-jackson-common\3.6.1\quarkus-resteasy-reactive-jackson-common-3.6.1.jar;C:\Users\rulod\.m2\repository\io\quarkus\resteasy\reactive\resteasy-reactive-jackson\3.6.1\resteasy-reactive-jackson-3.6.1.jar;C:\Users\rulod\.m2\repository\io\quarkus\quarkus-jackson\3.6.1\quarkus-jackson-3.6.1.jar;C:\Users\rulod\.m2\repository\com\fasterxml\jackson\datatype\jackson-datatype-jsr310\2.15.3\jackson-datatype-jsr310-2.15.3.jar;C:\Users\rulod\.m2\repository\com\fasterxml\jackson\datatype\jackson-datatype-jdk8\2.15.3\jackson-datatype-jdk8-2.15.3.jar;C:\Users\rulod\.m2\repository\com\fasterxml\jackson\module\jackson-module-parameter-names\2.15.3\jackson-module-parameter-names-2.15.3.jar;C:\Users\rulod\.m2\repository\io\quarkus\quarkus-jdbc-postgresql\3.6.1\quarkus-jdbc-postgresql-3.6.1.jar;C:\Users\rulod\.m2\repository\org\postgresql\postgresql\42.6.0\postgresql-42.6.0.jar;C:\Users\rulod\.m2\repository\io\quarkus\quarkus-smallrye-openapi\3.6.1\quarkus-smallrye-openapi-3.6.1.jar;C:\Users\rulod\.m2\repository\io\smallrye\smallrye-open-api-core\3.7.0\smallrye-open-api-core-3.7.0.jar;C:\Users\rulod\.m2\repository\org\eclipse\microprofile\openapi\microprofile-openapi-api\3.1.1\microprofile-openapi-api-3.1.1.jar;C:\Users\rulod\.m2\repository\org\eclipse\microprofile\config\microprofile-config-api\3.0.3\microprofile-config-api-3.0.3.jar;C:\Users\rulod\.m2\repository\com\fasterxml\jackson\core\jackson-core\2.15.3\jackson-core-2.15.3.jar;C:\Users\rulod\.m2\repository\com\fasterxml\jackson\core\jackson-databind\2.15.3\jackson-databind-2.15.3.jar;C:\Users\rulod\.m2\repository\com\fasterxml\jackson\core\jackson-annotations\2.15.3\jackson-annotations-2.15.3.jar;C:\Users\rulod\.m2\repository\com\fasterxml\jackson\dataformat\jackson-dataformat-yaml\2.15.3\jackson-dataformat-yaml-2.15.3.jar;C:\Users\rulod\.m2\repository\org\yaml\snakeyaml\2.2\snakeyaml-2.2.jar;C:\Users\rulod\.m2\repository\io\quarkus\quarkus-swagger-ui\3.6.1\quarkus-swagger-ui-3.6.1.jar;C:\Users\rulod\.m2\repository\io\rest-assured\rest-assured\5.3.2\rest-assured-5.3.2.jar;C:\Users\rulod\.m2\repository\org\apache\groovy\groovy\4.0.11\groovy-4.0.11.jar;C:\Users\rulod\.m2\repository\org\apache\groovy\groovy-xml\4.0.11\groovy-xml-4.0.11.jar;C:\Users\rulod\.m2\repository\org\apache\httpcomponents\httpclient\4.5.14\httpclient-4.5.14.jar;C:\Users\rulod\.m2\repository\org\apache\httpcomponents\httpcore\4.4.16\httpcore-4.4.16.jar;C:\Users\rulod\.m2\repository\commons-codec\commons-codec\1.16.0\commons-codec-1.16.0.jar;C:\Users\rulod\.m2\repository\org\apache\httpcomponents\httpmime\4.5.14\httpmime-4.5.14.jar;C:\Users\rulod\.m2\repository\org\hamcrest\hamcrest\2.2\hamcrest-2.2.jar;C:\Users\rulod\.m2\repository\org\ccil\cowan\tagsoup\tagsoup\1.2.1\tagsoup-1.2.1.jar;C:\Users\rulod\.m2\repository\io\rest-assured\json-path\5.3.2\json-path-5.3.2.jar;C:\Users\rulod\.m2\repository\org\apache\groovy\groovy-json\4.0.11\groovy-json-4.0.11.jar;C:\Users\rulod\.m2\repository\io\rest-assured\rest-assured-common\5.3.2\rest-assured-common-5.3.2.jar;C:\Users\rulod\.m2\repository\io\rest-assured\xml-path\5.3.2\xml-path-5.3.2.jar;C:\Users\rulod\.m2\repository\org\apache\commons\commons-lang3\3.13.0\commons-lang3-3.13.0.jar;"/>
    <property name="java.vm.vendor" value="Oracle Corporation"/>
    <property name="sun.arch.data.model" value="64"/>
    <property name="user.variant" value=""/>
    <property name="java.vendor.url" value="https://java.oracle.com/"/>
    <property name="user.timezone" value="America/Mexico_City"/>
    <property name="logging.initial-configurator.min-level" value="500"/>
    <property name="java.vm.specification.version" value="21"/>
    <property name="os.name" value="Windows 11"/>
    <property name="sun.java.launcher" value="SUN_STANDARD"/>
    <property name="user.country" value="MX"/>
    <property name="groovy.use.classvalue" value="false"/>
    <property name="mp.openapi.extensions.smallrye.defaultProduces" value="application/json"/>
    <property name="sun.boot.library.path" value="C:\Users\rulod\Downloads\jdk-21.0.7\bin"/>
    <property name="sun.java.command" value="C:\Users\rulod\AppData\Local\Temp\surefire11258890961885297692\surefirebooter-20250508202409689_3.jar C:\Users\rulod\AppData\Local\Temp\surefire11258890961885297692 2025-05-08T20-24-09_501-jvmRun1 surefire-20250508202409689_1tmp surefire_0-20250508202409689_2tmp"/>
    <property name="jdk.debug" value="release"/>
    <property name="maven.home" value="C:\Users\rulod\.m2\wrapper\dists\apache-maven-3.9.6-bin\3311e1d4\apache-maven-3.9.6"/>
    <property name="surefire.test.class.path" value="D:\Chrome_Descargas\proyecto-api-main\target\test-classes;D:\Chrome_Descargas\proyecto-api-main\target\classes;C:\Users\rulod\.m2\repository\io\quarkus\quarkus-arc\3.6.1\quarkus-arc-3.6.1.jar;C:\Users\rulod\.m2\repository\io\quarkus\arc\arc\3.6.1\arc-3.6.1.jar;C:\Users\rulod\.m2\repository\jakarta\enterprise\jakarta.enterprise.cdi-api\4.0.1\jakarta.enterprise.cdi-api-4.0.1.jar;C:\Users\rulod\.m2\repository\jakarta\enterprise\jakarta.enterprise.lang-model\4.0.1\jakarta.enterprise.lang-model-4.0.1.jar;C:\Users\rulod\.m2\repository\jakarta\el\jakarta.el-api\5.0.1\jakarta.el-api-5.0.1.jar;C:\Users\rulod\.m2\repository\jakarta\interceptor\jakarta.interceptor-api\2.1.0\jakarta.interceptor-api-2.1.0.jar;C:\Users\rulod\.m2\repository\jakarta\annotation\jakarta.annotation-api\2.1.1\jakarta.annotation-api-2.1.1.jar;C:\Users\rulod\.m2\repository\jakarta\transaction\jakarta.transaction-api\2.0.1\jakarta.transaction-api-2.0.1.jar;C:\Users\rulod\.m2\repository\io\smallrye\reactive\mutiny\2.5.1\mutiny-2.5.1.jar;C:\Users\rulod\.m2\repository\io\smallrye\common\smallrye-common-annotation\2.1.2\smallrye-common-annotation-2.1.2.jar;C:\Users\rulod\.m2\repository\org\jboss\logging\jboss-logging\3.5.3.Final\jboss-logging-3.5.3.Final.jar;C:\Users\rulod\.m2\repository\io\quarkus\quarkus-core\3.6.1\quarkus-core-3.6.1.jar;C:\Users\rulod\.m2\repository\jakarta\inject\jakarta.inject-api\2.0.1\jakarta.inject-api-2.0.1.jar;C:\Users\rulod\.m2\repository\io\smallrye\common\smallrye-common-os\2.1.2\smallrye-common-os-2.1.2.jar;C:\Users\rulod\.m2\repository\io\quarkus\quarkus-ide-launcher\3.6.1\quarkus-ide-launcher-3.6.1.jar;C:\Users\rulod\.m2\repository\io\quarkus\quarkus-development-mode-spi\3.6.1\quarkus-development-mode-spi-3.6.1.jar;C:\Users\rulod\.m2\repository\io\smallrye\config\smallrye-config\3.4.4\smallrye-config-3.4.4.jar;C:\Users\rulod\.m2\repository\io\smallrye\config\smallrye-config-core\3.4.4\smallrye-config-core-3.4.4.jar;C:\Users\rulod\.m2\repository\io\smallrye\common\smallrye-common-classloader\2.1.2\smallrye-common-classloader-2.1.2.jar;C:\Users\rulod\.m2\repository\io\smallrye\config\smallrye-config-common\3.4.4\smallrye-config-common-3.4.4.jar;C:\Users\rulod\.m2\repository\org\jboss\logmanager\jboss-logmanager\3.0.2.Final\jboss-logmanager-3.0.2.Final.jar;C:\Users\rulod\.m2\repository\io\smallrye\common\smallrye-common-constraint\2.1.2\smallrye-common-constraint-2.1.2.jar;C:\Users\rulod\.m2\repository\io\smallrye\common\smallrye-common-cpu\2.1.2\smallrye-common-cpu-2.1.2.jar;C:\Users\rulod\.m2\repository\io\smallrye\common\smallrye-common-expression\2.1.2\smallrye-common-expression-2.1.2.jar;C:\Users\rulod\.m2\repository\io\smallrye\common\smallrye-common-function\2.1.2\smallrye-common-function-2.1.2.jar;C:\Users\rulod\.m2\repository\io\smallrye\common\smallrye-common-net\2.1.2\smallrye-common-net-2.1.2.jar;C:\Users\rulod\.m2\repository\io\smallrye\common\smallrye-common-ref\2.1.2\smallrye-common-ref-2.1.2.jar;C:\Users\rulod\.m2\repository\jakarta\json\jakarta.json-api\2.1.3\jakarta.json-api-2.1.3.jar;C:\Users\rulod\.m2\repository\org\jboss\logging\jboss-logging-annotations\2.2.1.Final\jboss-logging-annotations-2.2.1.Final.jar;C:\Users\rulod\.m2\repository\org\jboss\threads\jboss-threads\3.5.1.Final\jboss-threads-3.5.1.Final.jar;C:\Users\rulod\.m2\repository\org\jboss\slf4j\slf4j-jboss-logmanager\2.0.0.Final\slf4j-jboss-logmanager-2.0.0.Final.jar;C:\Users\rulod\.m2\repository\org\wildfly\common\wildfly-common\1.7.0.Final\wildfly-common-1.7.0.Final.jar;C:\Users\rulod\.m2\repository\io\quarkus\quarkus-bootstrap-runner\3.6.1\quarkus-bootstrap-runner-3.6.1.jar;C:\Users\rulod\.m2\repository\io\quarkus\quarkus-fs-util\0.0.9\quarkus-fs-util-0.0.9.jar;C:\Users\rulod\.m2\repository\org\eclipse\microprofile\context-propagation\microprofile-context-propagation-api\1.3\microprofile-context-propagation-api-1.3.jar;C:\Users\rulod\.m2\repository\io\quarkus\quarkus-resteasy-reactive\3.6.1\quarkus-resteasy-reactive-3.6.1.jar;C:\Users\rulod\.m2\repository\io\quarkus\quarkus-resteasy-reactive-common\3.6.1\quarkus-resteasy-reactive-common-3.6.1.jar;C:\Users\rulod\.m2\repository\io\quarkus\resteasy\reactive\resteasy-reactive-common\3.6.1\resteasy-reactive-common-3.6.1.jar;C:\Users\rulod\.m2\repository\io\quarkus\resteasy\reactive\resteasy-reactive-common-types\3.6.1\resteasy-reactive-common-types-3.6.1.jar;C:\Users\rulod\.m2\repository\org\reactivestreams\reactive-streams\1.0.4\reactive-streams-1.0.4.jar;C:\Users\rulod\.m2\repository\io\quarkus\quarkus-mutiny\3.6.1\quarkus-mutiny-3.6.1.jar;C:\Users\rulod\.m2\repository\io\quarkus\quarkus-smallrye-context-propagation\3.6.1\quarkus-smallrye-context-propagation-3.6.1.jar;C:\Users\rulod\.m2\repository\io\smallrye\smallrye-context-propagation\2.1.0\smallrye-context-propagation-2.1.0.jar;C:\Users\rulod\.m2\repository\io\smallrye\smallrye-context-propagation-api\2.1.0\smallrye-context-propagation-api-2.1.0.jar;C:\Users\rulod\.m2\repository\io\smallrye\smallrye-context-propagation-storage\2.1.0\smallrye-context-propagation-storage-2.1.0.jar;C:\Users\rulod\.m2\repository\io\smallrye\reactive\mutiny-smallrye-context-propagation\2.5.1\mutiny-smallrye-context-propagation-2.5.1.jar;C:\Users\rulod\.m2\repository\io\quarkus\quarkus-vertx\3.6.1\quarkus-vertx-3.6.1.jar;C:\Users\rulod\.m2\repository\io\quarkus\quarkus-netty\3.6.1\quarkus-netty-3.6.1.jar;C:\Users\rulod\.m2\repository\io\netty\netty-codec\4.1.100.Final\netty-codec-4.1.100.Final.jar;C:\Users\rulod\.m2\repository\com\aayushatharva\brotli4j\brotli4j\1.12.0\brotli4j-1.12.0.jar;C:\Users\rulod\.m2\repository\com\aayushatharva\brotli4j\service\1.12.0\service-1.12.0.jar;C:\Users\rulod\.m2\repository\com\aayushatharva\brotli4j\native-windows-x86_64\1.12.0\native-windows-x86_64-1.12.0.jar;C:\Users\rulod\.m2\repository\io\netty\netty-codec-haproxy\4.1.100.Final\netty-codec-haproxy-4.1.100.Final.jar;C:\Users\rulod\.m2\repository\io\quarkus\quarkus-vertx-latebound-mdc-provider\3.6.1\quarkus-vertx-latebound-mdc-provider-3.6.1.jar;C:\Users\rulod\.m2\repository\io\smallrye\smallrye-fault-tolerance-vertx\6.2.6\smallrye-fault-tolerance-vertx-6.2.6.jar;C:\Users\rulod\.m2\repository\io\quarkus\resteasy\reactive\resteasy-reactive-vertx\3.6.1\resteasy-reactive-vertx-3.6.1.jar;C:\Users\rulod\.m2\repository\io\vertx\vertx-web\4.4.6\vertx-web-4.4.6.jar;C:\Users\rulod\.m2\repository\io\vertx\vertx-web-common\4.4.6\vertx-web-common-4.4.6.jar;C:\Users\rulod\.m2\repository\io\vertx\vertx-auth-common\4.4.6\vertx-auth-common-4.4.6.jar;C:\Users\rulod\.m2\repository\io\vertx\vertx-bridge-common\4.4.6\vertx-bridge-common-4.4.6.jar;C:\Users\rulod\.m2\repository\io\smallrye\reactive\smallrye-mutiny-vertx-core\3.7.2\smallrye-mutiny-vertx-core-3.7.2.jar;C:\Users\rulod\.m2\repository\io\smallrye\reactive\smallrye-mutiny-vertx-runtime\3.7.2\smallrye-mutiny-vertx-runtime-3.7.2.jar;C:\Users\rulod\.m2\repository\io\smallrye\reactive\vertx-mutiny-generator\3.7.2\vertx-mutiny-generator-3.7.2.jar;C:\Users\rulod\.m2\repository\io\vertx\vertx-codegen\4.4.6\vertx-codegen-4.4.6.jar;C:\Users\rulod\.m2\repository\io\quarkus\resteasy\reactive\resteasy-reactive\3.6.1\resteasy-reactive-3.6.1.jar;C:\Users\rulod\.m2\repository\jakarta\ws\rs\jakarta.ws.rs-api\3.1.0\jakarta.ws.rs-api-3.1.0.jar;C:\Users\rulod\.m2\repository\org\jboss\logging\commons-logging-jboss-logging\1.0.0.Final\commons-logging-jboss-logging-1.0.0.Final.jar;C:\Users\rulod\.m2\repository\jakarta\xml\bind\jakarta.xml.bind-api\4.0.1\jakarta.xml.bind-api-4.0.1.jar;C:\Users\rulod\.m2\repository\jakarta\activation\jakarta.activation-api\2.1.2\jakarta.activation-api-2.1.2.jar;C:\Users\rulod\.m2\repository\io\quarkus\quarkus-vertx-http\3.6.1\quarkus-vertx-http-3.6.1.jar;C:\Users\rulod\.m2\repository\io\quarkus\quarkus-security-runtime-spi\3.6.1\quarkus-security-runtime-spi-3.6.1.jar;C:\Users\rulod\.m2\repository\io\smallrye\common\smallrye-common-vertx-context\2.1.2\smallrye-common-vertx-context-2.1.2.jar;C:\Users\rulod\.m2\repository\io\quarkus\security\quarkus-security\2.0.2.Final\quarkus-security-2.0.2.Final.jar;C:\Users\rulod\.m2\repository\io\smallrye\reactive\smallrye-mutiny-vertx-web\3.7.2\smallrye-mutiny-vertx-web-3.7.2.jar;C:\Users\rulod\.m2\repository\io\smallrye\reactive\smallrye-mutiny-vertx-web-common\3.7.2\smallrye-mutiny-vertx-web-common-3.7.2.jar;C:\Users\rulod\.m2\repository\io\smallrye\reactive\smallrye-mutiny-vertx-auth-common\3.7.2\smallrye-mutiny-vertx-auth-common-3.7.2.jar;C:\Users\rulod\.m2\repository\io\smallrye\reactive\smallrye-mutiny-vertx-bridge-common\3.7.2\smallrye-mutiny-vertx-bridge-common-3.7.2.jar;C:\Users\rulod\.m2\repository\io\smallrye\reactive\smallrye-mutiny-vertx-uri-template\3.7.2\smallrye-mutiny-vertx-uri-template-3.7.2.jar;C:\Users\rulod\.m2\repository\io\vertx\vertx-uri-template\4.4.6\vertx-uri-template-4.4.6.jar;C:\Users\rulod\.m2\repository\io\github\crac\org-crac\0.1.3\org-crac-0.1.3.jar;C:\Users\rulod\.m2\repository\io\quarkus\quarkus-jsonp\3.6.1\quarkus-jsonp-3.6.1.jar;C:\Users\rulod\.m2\repository\org\eclipse\parsson\parsson\1.1.5\parsson-1.1.5.jar;C:\Users\rulod\.m2\repository\io\quarkus\quarkus-virtual-threads\3.6.1\quarkus-virtual-threads-3.6.1.jar;C:\Users\rulod\.m2\repository\io\vertx\vertx-core\4.4.6\vertx-core-4.4.6.jar;C:\Users\rulod\.m2\repository\io\netty\netty-common\4.1.100.Final\netty-common-4.1.100.Final.jar;C:\Users\rulod\.m2\repository\io\netty\netty-buffer\4.1.100.Final\netty-buffer-4.1.100.Final.jar;C:\Users\rulod\.m2\repository\io\netty\netty-transport\4.1.100.Final\netty-transport-4.1.100.Final.jar;C:\Users\rulod\.m2\repository\io\netty\netty-handler\4.1.100.Final\netty-handler-4.1.100.Final.jar;C:\Users\rulod\.m2\repository\io\netty\netty-transport-native-unix-common\4.1.100.Final\netty-transport-native-unix-common-4.1.100.Final.jar;C:\Users\rulod\.m2\repository\io\netty\netty-handler-proxy\4.1.100.Final\netty-handler-proxy-4.1.100.Final.jar;C:\Users\rulod\.m2\repository\io\netty\netty-codec-socks\4.1.100.Final\netty-codec-socks-4.1.100.Final.jar;C:\Users\rulod\.m2\repository\io\netty\netty-codec-http\4.1.100.Final\netty-codec-http-4.1.100.Final.jar;C:\Users\rulod\.m2\repository\io\netty\netty-codec-http2\4.1.100.Final\netty-codec-http2-4.1.100.Final.jar;C:\Users\rulod\.m2\repository\io\netty\netty-resolver\4.1.100.Final\netty-resolver-4.1.100.Final.jar;C:\Users\rulod\.m2\repository\io\netty\netty-resolver-dns\4.1.100.Final\netty-resolver-dns-4.1.100.Final.jar;C:\Users\rulod\.m2\repository\io\netty\netty-codec-dns\4.1.100.Final\netty-codec-dns-4.1.100.Final.jar;C:\Users\rulod\.m2\repository\io\quarkus\quarkus-junit5\3.6.1\quarkus-junit5-3.6.1.jar;C:\Users\rulod\.m2\repository\io\quarkus\quarkus-bootstrap-core\3.6.1\quarkus-bootstrap-core-3.6.1.jar;C:\Users\rulod\.m2\repository\io\quarkus\quarkus-bootstrap-app-model\3.6.1\quarkus-bootstrap-app-model-3.6.1.jar;C:\Users\rulod\.m2\repository\io\smallrye\common\smallrye-common-io\2.1.2\smallrye-common-io-2.1.2.jar;C:\Users\rulod\.m2\repository\org\eclipse\sisu\org.eclipse.sisu.inject\0.9.0.M2\org.eclipse.sisu.inject-0.9.0.M2.jar;C:\Users\rulod\.m2\repository\io\quarkus\quarkus-test-common\3.6.1\quarkus-test-common-3.6.1.jar;C:\Users\rulod\.m2\repository\io\quarkus\quarkus-core-deployment\3.6.1\quarkus-core-deployment-3.6.1.jar;C:\Users\rulod\.m2\repository\org\aesh\readline\2.4\readline-2.4.jar;C:\Users\rulod\.m2\repository\org\fusesource\jansi\jansi\2.4.0\jansi-2.4.0.jar;C:\Users\rulod\.m2\repository\org\aesh\aesh\2.7\aesh-2.7.jar;C:\Users\rulod\.m2\repository\io\quarkus\gizmo\gizmo\1.7.0\gizmo-1.7.0.jar;C:\Users\rulod\.m2\repository\org\ow2\asm\asm-util\9.6\asm-util-9.6.jar;C:\Users\rulod\.m2\repository\org\ow2\asm\asm-analysis\9.6\asm-analysis-9.6.jar;C:\Users\rulod\.m2\repository\org\ow2\asm\asm\9.6\asm-9.6.jar;C:\Users\rulod\.m2\repository\org\ow2\asm\asm-commons\9.6\asm-commons-9.6.jar;C:\Users\rulod\.m2\repository\org\ow2\asm\asm-tree\9.6\asm-tree-9.6.jar;C:\Users\rulod\.m2\repository\io\quarkus\quarkus-class-change-agent\3.6.1\quarkus-class-change-agent-3.6.1.jar;C:\Users\rulod\.m2\repository\io\quarkus\quarkus-devtools-utilities\3.6.1\quarkus-devtools-utilities-3.6.1.jar;C:\Users\rulod\.m2\repository\io\quarkus\quarkus-builder\3.6.1\quarkus-builder-3.6.1.jar;C:\Users\rulod\.m2\repository\org\graalvm\sdk\graal-sdk\23.0.1\graal-sdk-23.0.1.jar;C:\Users\rulod\.m2\repository\org\junit\platform\junit-platform-launcher\1.10.0\junit-platform-launcher-1.10.0.jar;C:\Users\rulod\.m2\repository\io\quarkus\quarkus-bootstrap-maven-resolver\3.6.1\quarkus-bootstrap-maven-resolver-3.6.1.jar;C:\Users\rulod\.m2\repository\io\smallrye\beanbag\smallrye-beanbag-maven\1.3.2\smallrye-beanbag-maven-1.3.2.jar;C:\Users\rulod\.m2\repository\io\smallrye\beanbag\smallrye-beanbag-sisu\1.3.2\smallrye-beanbag-sisu-1.3.2.jar;C:\Users\rulod\.m2\repository\io\smallrye\beanbag\smallrye-beanbag\1.3.2\smallrye-beanbag-1.3.2.jar;C:\Users\rulod\.m2\repository\javax\inject\javax.inject\1\javax.inject-1.jar;C:\Users\rulod\.m2\repository\org\apache\maven\maven-artifact\3.9.6\maven-artifact-3.9.6.jar;C:\Users\rulod\.m2\repository\org\apache\maven\maven-builder-support\3.9.6\maven-builder-support-3.9.6.jar;C:\Users\rulod\.m2\repository\org\apache\maven\maven-model\3.9.6\maven-model-3.9.6.jar;C:\Users\rulod\.m2\repository\org\apache\maven\maven-model-builder\3.9.6\maven-model-builder-3.9.6.jar;C:\Users\rulod\.m2\repository\org\apache\maven\maven-repository-metadata\3.9.6\maven-repository-metadata-3.9.6.jar;C:\Users\rulod\.m2\repository\org\apache\maven\maven-settings\3.9.6\maven-settings-3.9.6.jar;C:\Users\rulod\.m2\repository\org\apache\maven\resolver\maven-resolver-api\1.9.18\maven-resolver-api-1.9.18.jar;C:\Users\rulod\.m2\repository\org\apache\maven\resolver\maven-resolver-impl\1.9.18\maven-resolver-impl-1.9.18.jar;C:\Users\rulod\.m2\repository\org\apache\maven\resolver\maven-resolver-named-locks\1.9.18\maven-resolver-named-locks-1.9.18.jar;C:\Users\rulod\.m2\repository\org\apache\maven\resolver\maven-resolver-spi\1.9.18\maven-resolver-spi-1.9.18.jar;C:\Users\rulod\.m2\repository\org\apache\maven\resolver\maven-resolver-util\1.9.18\maven-resolver-util-1.9.18.jar;C:\Users\rulod\.m2\repository\org\apache\maven\resolver\maven-resolver-transport-http\1.9.10\maven-resolver-transport-http-1.9.10.jar;C:\Users\rulod\.m2\repository\org\apache\maven\wagon\wagon-provider-api\3.5.3\wagon-provider-api-3.5.3.jar;C:\Users\rulod\.m2\repository\org\apache\maven\wagon\wagon-http-shared\3.5.3\wagon-http-shared-3.5.3.jar;C:\Users\rulod\.m2\repository\org\codehaus\plexus\plexus-interpolation\1.26\plexus-interpolation-1.26.jar;C:\Users\rulod\.m2\repository\org\codehaus\plexus\plexus-utils\3.5.1\plexus-utils-3.5.1.jar;C:\Users\rulod\.m2\repository\org\codehaus\plexus\plexus-xml\4.0.0\plexus-xml-4.0.0.jar;C:\Users\rulod\.m2\repository\org\apache\maven\maven-xml-impl\4.0.0-alpha-5\maven-xml-impl-4.0.0-alpha-5.jar;C:\Users\rulod\.m2\repository\org\apache\maven\maven-api-xml\4.0.0-alpha-5\maven-api-xml-4.0.0-alpha-5.jar;C:\Users\rulod\.m2\repository\org\apache\maven\maven-api-meta\4.0.0-alpha-5\maven-api-meta-4.0.0-alpha-5.jar;C:\Users\rulod\.m2\repository\org\codehaus\plexus\plexus-cipher\2.0\plexus-cipher-2.0.jar;C:\Users\rulod\.m2\repository\org\codehaus\plexus\plexus-sec-dispatcher\2.0\plexus-sec-dispatcher-2.0.jar;C:\Users\rulod\.m2\repository\org\apache\maven\maven-embedder\3.9.6\maven-embedder-3.9.6.jar;C:\Users\rulod\.m2\repository\org\apache\maven\maven-core\3.9.6\maven-core-3.9.6.jar;C:\Users\rulod\.m2\repository\org\codehaus\plexus\plexus-component-annotations\2.1.0\plexus-component-annotations-2.1.0.jar;C:\Users\rulod\.m2\repository\org\apache\maven\maven-plugin-api\3.9.6\maven-plugin-api-3.9.6.jar;C:\Users\rulod\.m2\repository\org\apache\maven\shared\maven-shared-utils\3.3.4\maven-shared-utils-3.3.4.jar;C:\Users\rulod\.m2\repository\com\google\inject\guice\5.1.0\guice-5.1.0.jar;C:\Users\rulod\.m2\repository\aopalliance\aopalliance\1.0\aopalliance-1.0.jar;C:\Users\rulod\.m2\repository\com\google\guava\guava\32.1.3-jre\guava-32.1.3-jre.jar;C:\Users\rulod\.m2\repository\com\google\guava\failureaccess\1.0.1\failureaccess-1.0.1.jar;C:\Users\rulod\.m2\repository\javax\annotation\javax.annotation-api\1.3.2\javax.annotation-api-1.3.2.jar;C:\Users\rulod\.m2\repository\org\codehaus\plexus\plexus-classworlds\2.6.0\plexus-classworlds-2.6.0.jar;C:\Users\rulod\.m2\repository\commons-cli\commons-cli\1.5.0\commons-cli-1.5.0.jar;C:\Users\rulod\.m2\repository\org\eclipse\sisu\org.eclipse.sisu.plexus\0.9.0.M2\org.eclipse.sisu.plexus-0.9.0.M2.jar;C:\Users\rulod\.m2\repository\org\apache\maven\maven-settings-builder\3.9.6\maven-settings-builder-3.9.6.jar;C:\Users\rulod\.m2\repository\org\apache\maven\maven-resolver-provider\3.9.6\maven-resolver-provider-3.9.6.jar;C:\Users\rulod\.m2\repository\org\apache\maven\resolver\maven-resolver-connector-basic\1.9.18\maven-resolver-connector-basic-1.9.18.jar;C:\Users\rulod\.m2\repository\org\apache\maven\resolver\maven-resolver-transport-wagon\1.9.18\maven-resolver-transport-wagon-1.9.18.jar;C:\Users\rulod\.m2\repository\org\apache\maven\wagon\wagon-http\3.5.3\wagon-http-3.5.3.jar;C:\Users\rulod\.m2\repository\org\apache\maven\wagon\wagon-file\3.5.3\wagon-file-3.5.3.jar;C:\Users\rulod\.m2\repository\io\quarkus\quarkus-bootstrap-gradle-resolver\3.6.1\quarkus-bootstrap-gradle-resolver-3.6.1.jar;C:\Users\rulod\.m2\repository\io\smallrye\jandex\3.1.6\jandex-3.1.6.jar;C:\Users\rulod\.m2\repository\commons-io\commons-io\2.15.0\commons-io-2.15.0.jar;C:\Users\rulod\.m2\repository\io\quarkus\quarkus-junit5-properties\3.6.1\quarkus-junit5-properties-3.6.1.jar;C:\Users\rulod\.m2\repository\org\junit\jupiter\junit-jupiter\5.10.0\junit-jupiter-5.10.0.jar;C:\Users\rulod\.m2\repository\org\junit\jupiter\junit-jupiter-api\5.10.0\junit-jupiter-api-5.10.0.jar;C:\Users\rulod\.m2\repository\org\opentest4j\opentest4j\1.3.0\opentest4j-1.3.0.jar;C:\Users\rulod\.m2\repository\org\junit\platform\junit-platform-commons\1.10.0\junit-platform-commons-1.10.0.jar;C:\Users\rulod\.m2\repository\org\apiguardian\apiguardian-api\1.1.2\apiguardian-api-1.1.2.jar;C:\Users\rulod\.m2\repository\org\junit\jupiter\junit-jupiter-params\5.10.0\junit-jupiter-params-5.10.0.jar;C:\Users\rulod\.m2\repository\org\junit\jupiter\junit-jupiter-engine\5.10.0\junit-jupiter-engine-5.10.0.jar;C:\Users\rulod\.m2\repository\org\junit\platform\junit-platform-engine\1.10.0\junit-platform-engine-1.10.0.jar;C:\Users\rulod\.m2\repository\com\thoughtworks\xstream\xstream\1.4.20\xstream-1.4.20.jar;C:\Users\rulod\.m2\repository\io\github\x-stream\mxparser\1.2.2\mxparser-1.2.2.jar;C:\Users\rulod\.m2\repository\xmlpull\xmlpull\1.1.3.1\xmlpull-1.1.3.1.jar;C:\Users\rulod\.m2\repository\org\jdbi\jdbi3-core\3.39.1\jdbi3-core-3.39.1.jar;C:\Users\rulod\.m2\repository\org\slf4j\slf4j-api\2.0.6\slf4j-api-2.0.6.jar;C:\Users\rulod\.m2\repository\io\leangen\geantyref\geantyref\1.3.14\geantyref-1.3.14.jar;C:\Users\rulod\.m2\repository\org\jdbi\jdbi3-sqlobject\3.39.1\jdbi3-sqlobject-3.39.1.jar;C:\Users\rulod\.m2\repository\org\jdbi\jdbi3-postgres\3.39.1\jdbi3-postgres-3.39.1.jar;C:\Users\rulod\.m2\repository\io\quarkus\quarkus-agroal\3.6.1\quarkus-agroal-3.6.1.jar;C:\Users\rulod\.m2\repository\io\quarkus\quarkus-datasource\3.6.1\quarkus-datasource-3.6.1.jar;C:\Users\rulod\.m2\repository\io\quarkus\quarkus-datasource-common\3.6.1\quarkus-datasource-common-3.6.1.jar;C:\Users\rulod\.m2\repository\io\quarkus\quarkus-narayana-jta\3.6.1\quarkus-narayana-jta-3.6.1.jar;C:\Users\rulod\.m2\repository\io\quarkus\quarkus-transaction-annotations\3.6.1\quarkus-transaction-annotations-3.6.1.jar;C:\Users\rulod\.m2\repository\io\smallrye\smallrye-context-propagation-jta\2.1.0\smallrye-context-propagation-jta-2.1.0.jar;C:\Users\rulod\.m2\repository\io\smallrye\reactive\smallrye-reactive-converter-api\3.0.1\smallrye-reactive-converter-api-3.0.1.jar;C:\Users\rulod\.m2\repository\io\smallrye\reactive\smallrye-reactive-converter-mutiny\3.0.1\smallrye-reactive-converter-mutiny-3.0.1.jar;C:\Users\rulod\.m2\repository\io\smallrye\reactive\mutiny-zero-flow-adapters\1.0.0\mutiny-zero-flow-adapters-1.0.0.jar;C:\Users\rulod\.m2\repository\org\jboss\narayana\jta\narayana-jta\7.0.0.Final\narayana-jta-7.0.0.Final.jar;C:\Users\rulod\.m2\repository\jakarta\resource\jakarta.resource-api\2.1.0\jakarta.resource-api-2.1.0.jar;C:\Users\rulod\.m2\repository\org\jboss\invocation\jboss-invocation\2.0.0.Final\jboss-invocation-2.0.0.Final.jar;C:\Users\rulod\.m2\repository\org\eclipse\microprofile\reactive-streams-operators\microprofile-reactive-streams-operators-api\3.0\microprofile-reactive-streams-operators-api-3.0.jar;C:\Users\rulod\.m2\repository\org\jboss\narayana\jts\narayana-jts-integration\7.0.0.Final\narayana-jts-integration-7.0.0.Final.jar;C:\Users\rulod\.m2\repository\io\agroal\agroal-api\2.1\agroal-api-2.1.jar;C:\Users\rulod\.m2\repository\io\agroal\agroal-narayana\2.1\agroal-narayana-2.1.jar;C:\Users\rulod\.m2\repository\org\jboss\jboss-transaction-spi\8.0.0.Final\jboss-transaction-spi-8.0.0.Final.jar;C:\Users\rulod\.m2\repository\io\agroal\agroal-pool\2.1\agroal-pool-2.1.jar;C:\Users\rulod\.m2\repository\io\quarkus\quarkus-credentials\3.6.1\quarkus-credentials-3.6.1.jar;C:\Users\rulod\.m2\repository\io\quarkus\quarkus-resteasy-reactive-jackson\3.6.1\quarkus-resteasy-reactive-jackson-3.6.1.jar;C:\Users\rulod\.m2\repository\io\quarkus\quarkus-resteasy-reactive-jackson-common\3.6.1\quarkus-resteasy-reactive-jackson-common-3.6.1.jar;C:\Users\rulod\.m2\repository\io\quarkus\resteasy\reactive\resteasy-reactive-jackson\3.6.1\resteasy-reactive-jackson-3.6.1.jar;C:\Users\rulod\.m2\repository\io\quarkus\quarkus-jackson\3.6.1\quarkus-jackson-3.6.1.jar;C:\Users\rulod\.m2\repository\com\fasterxml\jackson\datatype\jackson-datatype-jsr310\2.15.3\jackson-datatype-jsr310-2.15.3.jar;C:\Users\rulod\.m2\repository\com\fasterxml\jackson\datatype\jackson-datatype-jdk8\2.15.3\jackson-datatype-jdk8-2.15.3.jar;C:\Users\rulod\.m2\repository\com\fasterxml\jackson\module\jackson-module-parameter-names\2.15.3\jackson-module-parameter-names-2.15.3.jar;C:\Users\rulod\.m2\repository\io\quarkus\quarkus-jdbc-postgresql\3.6.1\quarkus-jdbc-postgresql-3.6.1.jar;C:\Users\rulod\.m2\repository\org\postgresql\postgresql\42.6.0\postgresql-42.6.0.jar;C:\Users\rulod\.m2\repository\io\quarkus\quarkus-smallrye-openapi\3.6.1\quarkus-smallrye-openapi-3.6.1.jar;C:\Users\rulod\.m2\repository\io\smallrye\smallrye-open-api-core\3.7.0\smallrye-open-api-core-3.7.0.jar;C:\Users\rulod\.m2\repository\org\eclipse\microprofile\openapi\microprofile-openapi-api\3.1.1\microprofile-openapi-api-3.1.1.jar;C:\Users\rulod\.m2\repository\org\eclipse\microprofile\config\microprofile-config-api\3.0.3\microprofile-config-api-3.0.3.jar;C:\Users\rulod\.m2\repository\com\fasterxml\jackson\core\jackson-core\2.15.3\jackson-core-2.15.3.jar;C:\Users\rulod\.m2\repository\com\fasterxml\jackson\core\jackson-databind\2.15.3\jackson-databind-2.15.3.jar;C:\Users\rulod\.m2\repository\com\fasterxml\jackson\core\jackson-annotations\2.15.3\jackson-annotations-2.15.3.jar;C:\Users\rulod\.m2\repository\com\fasterxml\jackson\dataformat\jackson-dataformat-yaml\2.15.3\jackson-dataformat-yaml-2.15.3.jar;C:\Users\rulod\.m2\repository\org\yaml\snakeyaml\2.2\snakeyaml-2.2.jar;C:\Users\rulod\.m2\repository\io\quarkus\quarkus-swagger-ui\3.6.1\quarkus-swagger-ui-3.6.1.jar;C:\Users\rulod\.m2\repository\io\rest-assured\rest-assured\5.3.2\rest-assured-5.3.2.jar;C:\Users\rulod\.m2\repository\org\apache\groovy\groovy\4.0.11\groovy-4.0.11.jar;C:\Users\rulod\.m2\repository\org\apache\groovy\groovy-xml\4.0.11\groovy-xml-4.0.11.jar;C:\Users\rulod\.m2\repository\org\apache\httpcomponents\httpclient\4.5.14\httpclient-4.5.14.jar;C:\Users\rulod\.m2\repository\org\apache\httpcomponents\httpcore\4.4.16\httpcore-4.4.16.jar;C:\Users\rulod\.m2\repository\commons-codec\commons-codec\1.16.0\commons-codec-1.16.0.jar;C:\Users\rulod\.m2\repository\org\apache\httpcomponents\httpmime\4.5.14\httpmime-4.5.14.jar;C:\Users\rulod\.m2\repository\org\hamcrest\hamcrest\2.2\hamcrest-2.2.jar;C:\Users\rulod\.m2\repository\org\ccil\cowan\tagsoup\tagsoup\1.2.1\tagsoup-1.2.1.jar;C:\Users\rulod\.m2\repository\io\rest-assured\json-path\5.3.2\json-path-5.3.2.jar;C:\Users\rulod\.m2\repository\org\apache\groovy\groovy-json\4.0.11\groovy-json-4.0.11.jar;C:\Users\rulod\.m2\repository\io\rest-assured\rest-assured-common\5.3.2\rest-assured-common-5.3.2.jar;C:\Users\rulod\.m2\repository\io\rest-assured\xml-path\5.3.2\xml-path-5.3.2.jar;C:\Users\rulod\.m2\repository\org\apache\commons\commons-lang3\3.13.0\commons-lang3-3.13.0.jar;"/>
    <property name="sun.cpu.endian" value="little"/>
    <property name="vertx.disableWebsockets" value="true"/>
    <property name="user.home" value="C:\Users\rulod"/>
    <property name="user.language" value="es"/>
    <property name="jboss.log-version" value="false"/>
    <property name="mp.openapi.extensions.smallrye.defaultPrimitivesConsumes" value="text/plain"/>
    <property name="java.specification.vendor" value="Oracle Corporation"/>
    <property name="io.netty.allocator.maxOrder" value="3"/>
    <property name="java.version.date" value="2025-04-15"/>
    <property name="java.home" value="C:\Users\rulod\Downloads\jdk-21.0.7"/>
    <property name="file.separator" value="\"/>
    <property name="basedir" value="D:\Chrome_Descargas\proyecto-api-main"/>
    <property name="java.vm.compressedOopsMode" value="Zero based"/>
    <property name="line.separator" value="&#10;"/>
    <property name="java.vm.specification.vendor" value="Oracle Corporation"/>
    <property name="java.specification.name" value="Java Platform API Specification"/>
    <property name="surefire.real.class.path" value="C:\Users\rulod\AppData\Local\Temp\surefire11258890961885297692\surefirebooter-20250508202409689_3.jar"/>
    <property name="mp.openapi.extensions.smallrye.defaultStreamingConsumes" value="application/octet-stream"/>
    <property name="user.script" value=""/>
    <property name="sun.management.compiler" value="HotSpot 64-Bit Tiered Compilers"/>
    <property name="mp.openapi.extensions.smallrye.defaultPrimitivesProduces" value="text/plain"/>
    <property name="java.runtime.version" value="21.0.7+8-LTS-245"/>
    <property name="user.name" value="rulod"/>
    <property name="stdout.encoding" value="Cp1252"/>
    <property name="path.separator" value=";"/>
    <property name="os.version" value="10.0"/>
    <property name="java.runtime.name" value="Java(TM) SE Runtime Environment"/>
    <property name="file.encoding" value="UTF-8"/>
    <property name="java.vm.name" value="Java HotSpot(TM) 64-Bit Server VM"/>
    <property name="maven.ext.class.path" value="D:\Program Files\NetBeans-25\netbeans\java\maven-nblib\netbeans-eventspy.jar"/>
    <property name="localRepository" value="C:\Users\rulod\.m2\repository"/>
    <property name="java.vendor.url.bug" value="https://bugreport.java.com/bugreport/"/>
    <property name="java.io.tmpdir" value="C:\Users\rulod\AppData\Local\Temp\"/>
    <property name="quarkus.log.file.path" value="target\quarkus.log"/>
    <property name="java.version" value="21.0.7"/>
    <property name="mp.openapi.extensions.smallrye.defaultStreamingProduces" value="application/octet-stream"/>
    <property name="java.util.concurrent.ForkJoinPool.common.threadFactory" value="io.quarkus.bootstrap.forkjoin.QuarkusForkJoinWorkerThreadFactory"/>
    <property name="user.dir" value="D:\Chrome_Descargas\proyecto-api-main"/>
    <property name="os.arch" value="amd64"/>
    <property name="java.vm.specification.name" value="Java Virtual Machine Specification"/>
    <property name="vertx.disableDnsResolver" value="true"/>
    <property name="sun.os.patch.level" value=""/>
    <property name="native.encoding" value="Cp1252"/>
    <property name="java.util.logging.manager" value="org.jboss.logmanager.LogManager"/>
    <property name="java.library.path" value="C:\Users\rulod\Downloads\jdk-21.0.7\bin;C:\WINDOWS\Sun\Java\bin;C:\WINDOWS\system32;C:\WINDOWS;C:\Program Files\Microsoft\jdk-11.0.16.101-hotspot\bin;D:\Program Files\Eclipse Adoptium\jdk-17.0.6.10-hotspot\bin;C:\Program Files\Microsoft MPI\Bin\;C:\Windows\system32;C:\Windows;C:\Windows\System32\Wbem;C:\Windows\System32\WindowsPowerShell\v1.0\;C:\Windows\System32\OpenSSH\;C:\Program Files (x86)\NVIDIA Corporation\PhysX\Common;C:\WINDOWS\system32;C:\WINDOWS;C:\WINDOWS\System32\Wbem;C:\WINDOWS\System32\WindowsPowerShell\v1.0\;C:\WINDOWS\System32\OpenSSH\;C:\Program Files\dotnet\;C:\Program Files\Microsoft SQL Server\Client SDK\ODBC\170\Tools\Binn\;C:\Program Files\Azure Data Studio\bin;C:\Program Files (x86)\Microsoft SQL Server\160\DTS\Binn\;C:\Program Files (x86)\Microsoft SQL Server\160\Tools\Binn\;C:\Program Files\Microsoft SQL Server\160\Tools\Binn\;C:\Program Files\Microsoft SQL Server\160\DTS\Binn\;C:\Program Files\Microsoft SQL Server\150\Tools\Binn\;C:\Program Files\Calibre2\;D:\Program Files\Git\cmd;C:\Users\rulod\AppData\Local\Microsoft\WindowsApps;C:\Users\rulod\Downloads\jdk-21.0.7\bin;C:\Program Files\Azure Data Studio\bin;D:\Program Files\JetBrains\DataGrip 2024.3.5\bin;;D:\Users\rulod\AppData\Local\Programs\Microsoft VS Code\bin;D:\Chrome_Descargas\apache-maven-3.9.6\bin;;."/>
    <property name="java.vm.info" value="mixed mode, sharing"/>
    <property name="stderr.encoding" value="Cp1252"/>
    <property name="java.vendor" value="Oracle Corporation"/>
    <property name="vertx.disableTCCL" value="true"/>
    <property name="java.vm.version" value="21.0.7+8-LTS-245"/>
    <property name="sun.io.unicode.encoding" value="UnicodeLittle"/>
    <property name="io.netty.machineId" value="3a:dd:31:83:d4:18:11:a4"/>
    <property name="java.class.version" value="65.0"/>
    <property name="mp.openapi.extensions.smallrye.defaultConsumes" value="application/json"/>
  </properties>
  <testcase name="testHelloEndpoint" classname="fca.suayed.GreetingResourceTest" time="1.793">
    <failure message="1 expectation failed.&#10;Expected status code &lt;200&gt; but was &lt;404&gt;.&#10;" type="java.lang.AssertionError"><![CDATA[java.lang.AssertionError: 
1 expectation failed.
Expected status code <200> but was <404>.

	at java.base/jdk.internal.reflect.DirectConstructorHandleAccessor.newInstance(DirectConstructorHandleAccessor.java:62)
	at java.base/java.lang.reflect.Constructor.newInstanceWithCaller(Constructor.java:502)
	at java.base/java.lang.reflect.Constructor.newInstance(Constructor.java:486)
	at org.codehaus.groovy.reflection.CachedConstructor.invoke(CachedConstructor.java:73)
	at org.codehaus.groovy.runtime.callsite.ConstructorSite$ConstructorSiteNoUnwrapNoCoerce.callConstructor(ConstructorSite.java:108)
	at org.codehaus.groovy.runtime.callsite.CallSiteArray.defaultCallConstructor(CallSiteArray.java:57)
	at org.codehaus.groovy.runtime.callsite.AbstractCallSite.callConstructor(AbstractCallSite.java:263)
	at org.codehaus.groovy.runtime.callsite.AbstractCallSite.callConstructor(AbstractCallSite.java:277)
	at io.restassured.internal.ResponseSpecificationImpl$HamcrestAssertionClosure.validate(ResponseSpecificationImpl.groovy:512)
	at io.restassured.internal.ResponseSpecificationImpl$HamcrestAssertionClosure$validate$1.call(Unknown Source)
	at org.codehaus.groovy.runtime.callsite.CallSiteArray.defaultCall(CallSiteArray.java:45)
	at org.codehaus.groovy.runtime.callsite.AbstractCallSite.call(AbstractCallSite.java:125)
	at org.codehaus.groovy.runtime.callsite.AbstractCallSite.call(AbstractCallSite.java:139)
	at io.restassured.internal.ResponseSpecificationImpl.validateResponseIfRequired(ResponseSpecificationImpl.groovy:696)
	at io.restassured.internal.ResponseSpecificationImpl.this$2$validateResponseIfRequired(ResponseSpecificationImpl.groovy)
	at java.base/jdk.internal.reflect.DirectMethodHandleAccessor.invoke(DirectMethodHandleAccessor.java:103)
	at java.base/java.lang.reflect.Method.invoke(Method.java:580)
	at org.codehaus.groovy.runtime.callsite.PlainObjectMetaMethodSite.doInvoke(PlainObjectMetaMethodSite.java:43)
	at org.codehaus.groovy.runtime.callsite.PogoMetaMethodSite$PogoCachedMethodSiteNoUnwrapNoCoerce.invoke(PogoMetaMethodSite.java:198)
	at org.codehaus.groovy.runtime.callsite.PogoMetaMethodSite.callCurrent(PogoMetaMethodSite.java:62)
	at org.codehaus.groovy.runtime.callsite.CallSiteArray.defaultCallCurrent(CallSiteArray.java:49)
	at org.codehaus.groovy.runtime.callsite.AbstractCallSite.callCurrent(AbstractCallSite.java:171)
	at org.codehaus.groovy.runtime.callsite.AbstractCallSite.callCurrent(AbstractCallSite.java:185)
	at io.restassured.internal.ResponseSpecificationImpl.statusCode(ResponseSpecificationImpl.groovy:135)
	at io.restassured.specification.ResponseSpecification$statusCode$0.callCurrent(Unknown Source)
	at org.codehaus.groovy.runtime.callsite.CallSiteArray.defaultCallCurrent(CallSiteArray.java:49)
	at org.codehaus.groovy.runtime.callsite.AbstractCallSite.callCurrent(AbstractCallSite.java:171)
	at org.codehaus.groovy.runtime.callsite.AbstractCallSite.callCurrent(AbstractCallSite.java:185)
	at io.restassured.internal.ResponseSpecificationImpl.statusCode(ResponseSpecificationImpl.groovy:143)
	at io.restassured.internal.ValidatableResponseOptionsImpl.statusCode(ValidatableResponseOptionsImpl.java:89)
	at fca.suayed.GreetingResourceTest.testHelloEndpoint(GreetingResourceTest.java:16)
	at java.base/java.lang.reflect.Method.invoke(Method.java:580)
	at io.quarkus.test.junit.QuarkusTestExtension.runExtensionMethod(QuarkusTestExtension.java:1013)
	at io.quarkus.test.junit.QuarkusTestExtension.interceptTestMethod(QuarkusTestExtension.java:827)
	at java.base/java.util.ArrayList.forEach(ArrayList.java:1596)
	at java.base/java.util.ArrayList.forEach(ArrayList.java:1596)
]]></failure>
    <system-out><![CDATA[2025-05-08 20:24:19,072 INFO  [io.quarkus] (main) proyecto-api 1.0.0-SNAPSHOT on JVM (powered by Quarkus 3.6.1) started in 6.557s. Listening on: http://localhost:8081
2025-05-08 20:24:19,075 INFO  [io.quarkus] (main) Profile test activated. 
2025-05-08 20:24:19,075 INFO  [io.quarkus] (main) Installed features: [agroal, cdi, jdbc-postgresql, narayana-jta, resteasy-reactive, resteasy-reactive-jackson, smallrye-context-propagation, smallrye-openapi, swagger-ui, vertx]
]]></system-out>
  </testcase>
</testsuite>